#
# There is insufficient memory for the Java Runtime Environment to continue.
# Native memory allocation (mmap) failed to map 100663296 bytes. Error detail: G1 virtual space
# Possible reasons:
#   The system is out of physical RAM or swap space
#   This process is running with CompressedOops enabled, and the Java Heap may be blocking the growth of the native heap
# Possible solutions:
#   Reduce memory load on the system
#   Increase physical memory or swap space
#   Check if swap backing store is full
#   Decrease Java heap size (-Xmx/-Xms)
#   Decrease number of Java threads
#   Decrease Java thread stack sizes (-Xss)
#   Set larger code cache with -XX:ReservedCodeCacheSize=
#   JVM is running with Unscaled Compressed Oops mode in which the Java heap is
#     placed in the first 4GB address space. The Java Heap base address is the
#     maximum limit for the native heap growth. Please use -XX:HeapBaseMinAddress
#     to set the Java Heap base and to place the Java Heap above 4GB virtual address.
# This output file may be truncated or incomplete.
#
#  Out of Memory Error (os_windows.cpp:3828), pid=9652, tid=3760
#
# JRE version:  (21.0.4) (build )
# Java VM: OpenJDK 64-Bit Server VM (21.0.4+-12508038-b607.1, mixed mode, sharing, tiered, compressed oops, compressed class ptrs, g1 gc, windows-amd64)
# No core dump will be written. Minidumps are not enabled by default on client versions of Windows
#

---------------  S U M M A R Y ------------

Command Line: -javaagent:C:\Program Files\Android\Android Studio1\lib\idea_rt.jar=4434:C:\Program Files\Android\Android Studio1\bin -Dfile.encoding=UTF-8 com.example.locationtrackerapp.HelperFunctions.RadiusAndBoundingBoxCalculationKt

Host: AMD Ryzen 5 3450U with Radeon Vega Mobile Gfx  , 8 cores, 5G,  Windows 11 , 64 bit Build 26100 (10.0.26100.2992)
Time: Wed Jan 29 23:37:29 2025 India Standard Time elapsed time: 1.165151 seconds (0d 0h 0m 1s)

---------------  T H R E A D  ---------------

Current thread (0x00000239ef01d380):  JavaThread "Unknown thread" [_thread_in_vm, id=3760, stack(0x00000096a4d00000,0x00000096a4e00000) (1024K)]

Stack: [0x00000096a4d00000,0x00000096a4e00000]
Native frames: (J=compiled Java code, j=interpreted, Vv=VM code, C=native code)
V  [jvm.dll+0x6ce539]
V  [jvm.dll+0x85bf03]
V  [jvm.dll+0x85e45e]
V  [jvm.dll+0x85eb43]
V  [jvm.dll+0x27dd06]
V  [jvm.dll+0x6cada5]
V  [jvm.dll+0x6bf27a]
V  [jvm.dll+0x3541fb]
V  [jvm.dll+0x35be36]
V  [jvm.dll+0x3adbc6]
V  [jvm.dll+0x3ade98]
V  [jvm.dll+0x32691c]
V  [jvm.dll+0x32760b]
V  [jvm.dll+0x823959]
V  [jvm.dll+0x3bacf8]
V  [jvm.dll+0x80cd58]
V  [jvm.dll+0x44ef2e]
V  [jvm.dll+0x450691]
C  [jli.dll+0x52ab]
C  [ucrtbase.dll+0x37b0]
C  [KERNEL32.DLL+0x2e8d7]
C  [ntdll.dll+0xbbf2c]


---------------  P R O C E S S  ---------------

Threads class SMR info:
_java_thread_list=0x00007ffbf2eba808, length=0, elements={
}

Java Threads: ( => current thread )
Total: 0

Other Threads:
  0x00000239ef065c10 WorkerThread "GC Thread#0"                     [id=3340, stack(0x00000096a4e00000,0x00000096a4f00000) (1024K)]
  0x00000239ef073670 ConcurrentGCThread "G1 Main Marker"            [id=19248, stack(0x00000096a4f00000,0x00000096a5000000) (1024K)]
  0x00000239ef075020 WorkerThread "G1 Conc#0"                       [id=17476, stack(0x00000096a5000000,0x00000096a5100000) (1024K)]

[error occurred during error reporting (printing all threads), id 0xc0000005, EXCEPTION_ACCESS_VIOLATION (0xc0000005) at pc=0x00007ffbf26b9957]
VM state: not at safepoint (not fully initialized)

VM Mutex/Monitor currently owned by a thread:  ([mutex/lock_event])
[0x00007ffbf2f273f8] Heap_lock - owner thread: 0x00000239ef01d380

Heap address: 0x00000000a1e00000, size: 1506 MB, Compressed Oops mode: 32-bit

CDS archive(s) mapped at: [0x0000000000000000-0x0000000000000000-0x0000000000000000), size 0, SharedBaseAddress: 0x0000000800000000, ArchiveRelocationMode: 1.
Narrow klass base: 0x0000000000000000, Narrow klass shift: 0, Narrow klass range: 0x0

GC Precious Log:
 CardTable entry size: 512
 Card Set container configuration: InlinePtr #cards 5 size 8 Array Of Cards #cards 12 size 40 Howl #buckets 4 coarsen threshold 1843 Howl Bitmap #cards 512 size 80 coarsen threshold 460 Card regions per heap region 1 cards per card region 2048

Heap:
 garbage-first heap   total 0K, used 0K [0x00000000a1e00000, 0x0000000100000000)
  region size 1024K, 0 young (0K), 0 survivors (0K)
 Metaspace       used 0K, committed 0K, reserved 0K
  class space    used 0K, committed 0K, reserved 0K

Heap Regions: E=young(eden), S=young(survivor), O=old, HS=humongous(starts), HC=humongous(continues), CS=collection set, F=free, TAMS=top-at-mark-start, PB=parsable bottom

Card table byte_map: [0x00000239f2760000,0x00000239f2a60000] _byte_map_base: 0x00000239f2251000

Marking Bits: (CMBitMap*) 0x00000239ef066310
 Bits: [0x00000239f2a60000, 0x00000239f41e8000)

GC Heap History (0 events):
No events

Dll operation events (1 events):
Event: 0.018 Loaded shared library C:\Program Files\Android\Android Studio1\jbr\bin\java.dll

Deoptimization events (0 events):
No events

Classes loaded (0 events):
No events

Classes unloaded (0 events):
No events

Classes redefined (0 events):
No events

Internal exceptions (0 events):
No events

ZGC Phase Switch (0 events):
No events

VM Operations (0 events):
No events

Memory protections (0 events):
No events

Nmethod flushes (0 events):
No events

Events (0 events):
No events


Dynamic libraries:
0x00007ff745350000 - 0x00007ff74535a000 	C:\Program Files\Android\Android Studio1\jbr\bin\java.exe
0x00007ffc5c560000 - 0x00007ffc5c7c3000 	C:\WINDOWS\SYSTEM32\ntdll.dll
0x00007ffc5b370000 - 0x00007ffc5b437000 	C:\WINDOWS\System32\KERNEL32.DLL
0x00007ffc59bb0000 - 0x00007ffc59f76000 	C:\WINDOWS\System32\KERNELBASE.dll
0x00007ffc5a1b0000 - 0x00007ffc5a2fc000 	C:\WINDOWS\System32\ucrtbase.dll
0x00007ffc544b0000 - 0x00007ffc544cb000 	C:\Program Files\Android\Android Studio1\jbr\bin\VCRUNTIME140.dll
0x00007ffc54b50000 - 0x00007ffc54b68000 	C:\Program Files\Android\Android Studio1\jbr\bin\jli.dll
0x00007ffc5b990000 - 0x00007ffc5bb59000 	C:\WINDOWS\System32\USER32.dll
0x00007ffc59af0000 - 0x00007ffc59b17000 	C:\WINDOWS\System32\win32u.dll
0x00007ffc3e0f0000 - 0x00007ffc3e380000 	C:\WINDOWS\WinSxS\amd64_microsoft.windows.common-controls_6595b64144ccf1df_6.0.26100.2702_none_3e069454e335fc5e\COMCTL32.dll
0x00007ffc5b440000 - 0x00007ffc5b46a000 	C:\WINDOWS\System32\GDI32.dll
0x00007ffc5b470000 - 0x00007ffc5b519000 	C:\WINDOWS\System32\msvcrt.dll
0x00007ffc599c0000 - 0x00007ffc59aeb000 	C:\WINDOWS\System32\gdi32full.dll
0x00007ffc59f80000 - 0x00007ffc5a023000 	C:\WINDOWS\System32\msvcp_win.dll
0x00007ffc5af20000 - 0x00007ffc5af4f000 	C:\WINDOWS\System32\IMM32.DLL
0x00007ffc44fb0000 - 0x00007ffc44fbc000 	C:\Program Files\Android\Android Studio1\jbr\bin\vcruntime140_1.dll
0x00007ffbfaf10000 - 0x00007ffbfaf9d000 	C:\Program Files\Android\Android Studio1\jbr\bin\msvcp140.dll
0x00007ffbf2380000 - 0x00007ffbf3003000 	C:\Program Files\Android\Android Studio1\jbr\bin\server\jvm.dll
0x00007ffc5b2b0000 - 0x00007ffc5b363000 	C:\WINDOWS\System32\ADVAPI32.dll
0x00007ffc5b520000 - 0x00007ffc5b5c6000 	C:\WINDOWS\System32\sechost.dll
0x00007ffc5c0d0000 - 0x00007ffc5c1e6000 	C:\WINDOWS\System32\RPCRT4.dll
0x00007ffc5b090000 - 0x00007ffc5b104000 	C:\WINDOWS\System32\WS2_32.dll
0x00007ffc59790000 - 0x00007ffc597de000 	C:\WINDOWS\SYSTEM32\POWRPROF.dll
0x00007ffc52830000 - 0x00007ffc5283b000 	C:\WINDOWS\SYSTEM32\VERSION.dll
0x00007ffc51e70000 - 0x00007ffc51ea6000 	C:\WINDOWS\SYSTEM32\WINMM.dll
0x00007ffc59770000 - 0x00007ffc59784000 	C:\WINDOWS\SYSTEM32\UMPDC.dll
0x00007ffc58730000 - 0x00007ffc5874a000 	C:\WINDOWS\SYSTEM32\kernel.appcore.dll
0x00007ffc44fa0000 - 0x00007ffc44faa000 	C:\Program Files\Android\Android Studio1\jbr\bin\jimage.dll
0x00007ffc4f340000 - 0x00007ffc4f581000 	C:\WINDOWS\SYSTEM32\DBGHELP.DLL
0x00007ffc5a400000 - 0x00007ffc5a77e000 	C:\WINDOWS\System32\combase.dll
0x00007ffc5bff0000 - 0x00007ffc5c0c6000 	C:\WINDOWS\System32\OLEAUT32.dll
0x00007ffc40c80000 - 0x00007ffc40cb9000 	C:\WINDOWS\SYSTEM32\dbgcore.DLL
0x00007ffc5a300000 - 0x00007ffc5a399000 	C:\WINDOWS\System32\bcryptPrimitives.dll
0x00007ffc544d0000 - 0x00007ffc544de000 	C:\Program Files\Android\Android Studio1\jbr\bin\instrument.dll
0x00007ffc44190000 - 0x00007ffc441b0000 	C:\Program Files\Android\Android Studio1\jbr\bin\java.dll

dbghelp: loaded successfully - version: 4.0.5 - missing functions: none
symbol engine: initialized successfully - sym options: 0x614 - pdb path: .;C:\Program Files\Android\Android Studio1\jbr\bin;C:\WINDOWS\SYSTEM32;C:\WINDOWS\WinSxS\amd64_microsoft.windows.common-controls_6595b64144ccf1df_6.0.26100.2702_none_3e069454e335fc5e;C:\Program Files\Android\Android Studio1\jbr\bin\server

VM Arguments:
jvm_args: -javaagent:C:\Program Files\Android\Android Studio1\lib\idea_rt.jar=4434:C:\Program Files\Android\Android Studio1\bin -Dfile.encoding=UTF-8 
java_command: com.example.locationtrackerapp.HelperFunctions.RadiusAndBoundingBoxCalculationKt
java_class_path (initial): C:\Users\HP\AppData\Local\Android\Sdk\platforms\android-34\android.jar;C:\Users\HP\AppData\Local\Android\Sdk\platforms\android-34\data\res;C:\Users\HP\OneDrive\Desktop\GeoToll\Location Tracker App\app\build\tmp\kotlin-classes\debug;C:\Users\HP\OneDrive\Desktop\GeoToll\Location Tracker App\app\build\intermediates\compile_and_runtime_not_namespaced_r_class_jar\debug\processDebugResources\R.jar;C:\Users\HP\OneDrive\Desktop\GeoToll\Location Tracker App\app\build\generated\res\processDebugGoogleServices;C:\Users\HP\OneDrive\Desktop\GeoToll\Location Tracker App\app\build\generated\res\resValues\debug;C:\Users\HP\.gradle\caches\8.10.2\transforms\e4911939b9e74c8c70414353149b38b2\transformed\ui-tooling-release\res;C:\Users\HP\.gradle\caches\8.10.2\transforms\e4911939b9e74c8c70414353149b38b2\transformed\ui-tooling-release\AndroidManifest.xml;C:\Users\HP\.gradle\caches\8.10.2\transforms\e4911939b9e74c8c70414353149b38b2\transformed\ui-tooling-release\jars\classes.jar;C:\Users\HP\.gradle\caches\8.10.2\transforms\537ca64b8b2d5a5d18e7a197c6fd8d9a\transformed\runtime-release\jars\classes.jar;C:\Users\HP\.gradle\caches\8.10.2\transforms\537ca64b8b2d5a5d18e7a197c6fd8d9a\transformed\runtime-release\res;C:\Users\HP\.gradle\caches\8.10.2\transforms\537ca64b8b2d5a5d18e7a197c6fd8d9a\transformed\runtime-release\AndroidManifest.xml;C:\Users\HP\.gradle\caches\8.10.2\transforms\4ad224103d59356205e112a55a228767\transformed\ui-release\res;C:\Users\HP\.gradle\caches\8.10.2\transforms\4ad224103d59356205e112a55a228767\transformed\ui-release\jars\classes.jar;C:\Users\HP\.gradle\caches\8.10.2\transforms\4ad224103d59356205e112a55a228767\transformed\ui-release\AndroidManifest.xml;C:\Users\HP\.gradle\caches\8.10.2\transforms\7fae2808f7707c440c067cddfa72c5d8\transformed\runtime-saveable-release\res;C:\Users\HP\.gradle\caches\8.10.2\transforms\7fae2808f7707c440c067cddfa72c5d8\transformed\runtime-saveable-release\AndroidManifest.xml;C:\Users\HP\.gradle\caches\8.10.2\transforms\7fae2808f7707c440c067cddfa72c5d8\transformed\runtime-saveable-release\jars\classes.jar;C:\Users\HP\.gradle\caches\8.10.2\transforms\d293edd1e8c6b856c75fe7a4f012b0d5\transformed\ui-geometry-release\jars\classes.jar;C:\Users\HP\.gradle\caches\8.10.2\transforms\d293edd1e8c6b856c75fe7a4f012b0d5\transformed\ui-geometry-release\AndroidManifest.xml;C:\Users\HP\.gradle\caches\8.10.2\transforms\d293edd1e8c6b856c75fe7a4f012b0d5\transformed\ui-geometry-release\res;C:\Users\HP\.gradle\caches\8.10.2\transforms\5d8446b09a7240f515aee745e9c3236c\transformed\ui-graphics-release\res;C:\Users\HP\.gradle\caches\8.10.2\transforms\5d8446b09a7240f515aee745e9c3236c\transformed\ui-graphics-release\AndroidManifest.xml;C:\Users\HP\.gradle\caches\8.10.2\transforms\5d8446b09a7240f515aee745e9c3236c\transformed\ui-graphics-release\jars\classes.jar;C:\Users\HP\.gradle\caches\8.10.2\transforms\2145113df186dce7a756ab06d078f851\transformed\ui-unit-release\res;C:\Users\HP\.gradle\caches\8.10.2\transforms\2145113df186dce7a756ab06d078f851\transformed\ui-unit-release\AndroidManifest.xml;C:\Users\HP\.gradle\caches\8.10.2\transforms\2145113df186dce7a756ab06d078f851\transformed\ui-unit-release\jars\classes.jar;C:\Users\HP\.gradle\caches\8.10.2\transforms\1c7ed5bc31da1df52b93f54928b93a12\transformed\ui-text-release\jars\classes.jar;C:\Users\HP\.gradle\caches\8.10.2\transforms\1c7ed5bc31da1df52b93f54928b93a12\transformed\ui-text-release\res;C:\Users\HP\.gradle\caches\8.10.2\transforms\1c7ed5bc31da1df52b93f54928b93a12\transformed\ui-text-release\AndroidManifest.xml;C:\Users\HP\.gradle\caches\8.10.2\transforms\568719e5bac77ff45ee1960bd4c9c890\transformed\ui-tooling-data-release\jars\classes.jar;C:\Users\HP\.gradle\caches\8.10.2\transforms\568719e5bac77ff45ee1960bd4c9c890\transformed\ui-tooling-data-release\res;C:\Users\HP\.gradle\caches\8.10.2\transforms\568719e5bac77ff45ee1960bd4c9c890\transformed\ui-tooling-data-release\AndroidManifest.xml;C:\Users\HP\.gradle\caches\8.10.2\transforms\1f1b6d40f64ad03c8221b25b0a17e1dd\transformed\ui-tooling-preview-release\jars\classes.jar;C:\Users\HP\.gradle\caches\8.10.2\transforms\1f1b6d40f64ad03c8221b25b0a17e1dd\transformed\ui-tooling-preview-release\AndroidManifest.xml;C:\Users\HP\.gradle\caches\8.10.2\transforms\1f1b6d40f64ad03c8221b25b0a17e1dd\transformed\ui-tooling-preview-release\res;C:\Users\HP\.gradle\caches\8.10.2\transforms\7d8f5cae4dda6206847d4e5c15b05e82\transformed\ui-test-manifest-1.5.0\jars\classes.jar;C:\Users\HP\.gradle\caches\8.10.2\transforms\7d8f5cae4dda6206847d4e5c15b05e82\transformed\ui-test-manifest-1.5.0\AndroidManifest.xml;C:\Users\HP\.gradle\caches\8.10.2\transforms\7d8f5cae4dda6206847d4e5c15b05e82\transformed\ui-test-manifest-1.5.0\res;C:\Users\HP\.gradle\caches\8.10.2\transforms\03600f503897a7d5bd713d2914cc2431\transformed\activity-1.9.1\AndroidManifest.xml;C:\Users\HP\.gradle\caches\8.10.2\transforms\03600f503897a7d5bd713d2914cc2431\transformed\activity-1.9.1\jars\classes.jar;C:\Users\HP\.gradle\caches\8.10.2\transforms\03600f503897a7d5bd713d2914cc2431\transformed\activity-1.9.1\res;C:\Users\HP\.gradle\caches\8.10.2\transforms\dd59ec7cc305b26dfd6484a5325a618e\transformed\core-1.13.1\AndroidManifest.xml;C:\Users\HP\.gradle\caches\8.10.2\transforms\dd59ec7cc305b26dfd6484a5325a618e\transformed\core-1.13.1\res;C:\Users\HP\.gradle\caches\8.10.2\transforms\dd59ec7cc305b26dfd6484a5325a618e\transformed\core-1.13.1\jars\classes.jar;C:\Users\HP\.gradle\caches\8.10.2\transforms\75cf24f79cc854093c76e258f9ffab8f\transformed\annotation-experimental-1.4.0\res;C:\Users\HP\.gradle\caches\8.10.2\transforms\75cf24f79cc854093c76e258f9ffab8f\transformed\annotation-experimental-1.4.0\AndroidManifest.xml;C:\Users\HP\.gradle\caches\8.10.2\transforms\75cf24f79cc854093c76e258f9ffab8f\transformed\annotation-experimental-1.4.0\jars\classes.jar;C:\Users\HP\.gradle\caches\8.10.2\transforms\80431c3b6c0fffbad2f70fd290db4f5b\transformed\lifecycle-runtime-release\res;C:\Users\HP\.gradle\caches\8.10.2\transforms\80431c3b6c0fffbad2f70fd290db4f5b\transformed\lifecycle-runtime-release\AndroidManifest.xml;C:\Users\HP\.gradle\caches\8.10.2\transforms\80431c3b6c0fffbad2f70fd290db4f5b\transformed\lifecycle-runtime-release\jars\classes.jar;C:\Users\HP\.gradle\caches\8.10.2\transforms\32c1bf0cb90149ce1cbeb3bdd100b470\transformed\versionedparcelable-1.1.1\jars\classes.jar;C:\Users\HP\.gradle\caches\8.10.2\transforms\32c1bf0cb90149ce1cbeb3bdd100b470\transformed\versionedparcelable-1.1.1\AndroidManifest.xml;C:\Users\HP\.gradle\caches\8.10.2\transforms\22a3ef1ebabc10eb4dbcf9c77fcf8fd8\transformed\lifecycle-viewmodel-release\jars\classes.jar;C:\Users\HP\.gradle\caches\8.10.2\transforms\22a3ef1ebabc10eb4dbcf9c77fcf8fd8\transformed\lifecycle-viewmodel-release\AndroidManifest.xml;C:\Users\HP\.gradle\caches\8.10.2\transforms\22a3ef1ebabc10eb4dbcf9c77fcf8fd8\transformed\lifecycle-viewmodel-release\res;C:\Users\HP\.gradle\caches\8.10.2\transforms\b8bfaab42c12093cbfe62d98774e8633\transformed\lifecycle-viewmodel-savedstate-2.8.4\jars\classes.jar;C:\Users\HP\.gradle\caches\8.10.2\transforms\b8bfaab42c12093cbfe62d98774e8633\transformed\lifecycle-viewmodel-savedstate-2.8.4\res;C:\Users\HP\.gradle\caches\8.10.2\transforms\b8bfaab42c12093cbfe62d98774e8633\transformed\lifecycle-viewmodel-savedstate-2.8.4\AndroidManifest.xml;C:\Users\HP\.gradle\caches\8.10.2\transforms\566e86c1c131f205eaaff6715250a4a2\transformed\core-ktx-1.13.1\jars\classes.jar;C:\Users\HP\.gradle\caches\8.10.2\transforms\566e86c1c131f205eaaff6715250a4a2\transformed\core-ktx-1.13.1\AndroidManifest.xml;C:\Users\HP\.gradle\caches\8.10.2\transforms\566e86c1c131f205eaaff6715250a4a2\transformed\core-ktx-1.13.1\res;C:\Users\HP\.gradle\caches\8.10.2\transforms\8936a265bb32dc534a8e5f942f8e0c7b\transformed\lifecycle-livedata-core-2.8.4\jars\classes.jar;C:\Users\HP\.gradle\caches\8.10.2\transforms\8936a265bb32dc534a8e5f942f8e0c7b\transformed\lifecycle-livedata-core-2.8.4\res;C:\Users\HP\.gradle\caches\8.10.2\transforms\8936a265bb32dc534a8e5f942f8e0c7b\transformed\lifecycle-livedata-core-2.8.4\AndroidManifest.xml;C:\Users\HP\.gradle\caches\8.10.2\transforms\27a652832f4041d718a77beec868d04c\transformed\savedstate-1.2.1\jars\classes.jar;C:\Users\HP\.gradle\caches\8.10.2\transforms\27a652832f4041d718a77beec868d04c\transformed\savedstate-1.2.1\res;C:\Users\HP\.gradle\caches\8.10.2\transforms\27a652832f4041d718a77beec868d04c\transformed\savedstate-1.2.1\AndroidManifest.xml;C:\Users\HP\.gradle\caches\8.10.2\transforms\70bbbbdd3c140620022a0057c51903c8\transformed\lifecycle-runtime-ktx-release\res;C:\Users\HP\.gradle\caches\8.10.2\transforms\70bbbbdd3c140620022a0057c51903c8\transformed\lifecycle-runtime-ktx-release\AndroidManifest.xml;C:\Users\HP\.gradle\caches\8.10.2\transforms\70bbbbdd3c140620022a0057c51903c8\transformed\lifecycle-runtime-ktx-release\jars\classes.jar;C:\Users\HP\.gradle\caches\8.10.2\transforms\f44e698d72d207ebaf1b2b35bb80459e\transformed\activity-compose-1.9.1\jars\classes.jar;C:\Users\HP\.gradle\caches\8.10.2\transforms\f44e698d72d207ebaf1b2b35bb80459e\transformed\activity-compose-1.9.1\AndroidManifest.xml;C:\Users\HP\.gradle\caches\8.10.2\transforms\f44e698d72d207ebaf1b2b35bb80459e\transformed\activity-compose-1.9.1\res;C:\Users\HP\.gradle\caches\8.10.2\transforms\fd6d4ce442163265b4715f10d07d040e\transformed\activity-ktx-1.9.1\AndroidManifest.xml;C:\Users\HP\.gradle\caches\8.10.2\transforms\fd6d4ce442163265b4715f10d07d040e\transformed\activity-ktx-1.9.1\jars\classes.jar;C:\Users\HP\.gradle\caches\8.10.2\transforms\fd6d4ce442163265b4715f10d07d040e\transformed\activity-ktx-1.9.1\res;C:\Users\HP\.gradle\caches\8.10.2\transforms\4f6f6ad84a2772ac17e2cb9359a9ac62\transformed\lifecycle-viewmodel-ktx-2.8.4\jars\classes.jar;C:\Users\HP\.gradle\caches\8.10.2\transforms\4f6f6ad84a2772ac17e2cb9359a9ac62\transformed\lifecycle-viewmodel-ktx-2.8.4\res;C:\Users\HP\.gradle\caches\8.10.2\transforms\4f6f6ad84a2772ac17e2cb9359a9ac62\transformed\lifecycle-viewmodel-ktx-2.8.4\AndroidManifest.xml;C:\Users\HP\.gradle\caches\8.10.2\transforms\8a53ab68b726b166044790f89f33c7e9\transformed\savedstate-ktx-1.2.1\jars\classes.jar;C:\Users\HP\.gradle\caches\8.10.2\transforms\8a53ab68b726b166044790f89f33c7e9\transformed\savedstate-ktx-1.2.1\AndroidManifest.xml;C:\Users\HP\.gradle\caches\8.10.2\transforms\8a53ab68b726b166044790f89f33c7e9\transformed\savedstate-ktx-1.2.1\res;C:\Users\HP\.gradle\caches\8.10.2\transforms\1da9ae2db2e93a42a23253020901fe44\transformed\material3-1.1.1\jars\classes.jar;C:\Users\HP\.gradle\caches\8.10.2\transforms\1da9ae2db2e93a42a23253020901fe44\transformed\material3-1.1.1\res;C:\Users\HP\.gradle\caches\8.10.2\transforms\1da9ae2db2e93a42a23253020901fe44\transformed\material3-1.1.1\AndroidManifest.xml;C:\Users\HP\.gradle\caches\8.10.2\transforms\d8296d37aed64025569e75f419d72652\transformed\foundation-release\res;C:\Users\HP\.gradle\caches\8.10.2\transforms\d8296d37aed64025569e75f419d72652\transformed\foundation-release\AndroidManifest.xml;C:\Users\HP\.gradle\caches\8.10.2\transforms\d8296d37aed64025569e75f419d72652\transformed\foundation-release\jars\classes.jar;C:\Users\HP\.gradle\caches\8.10.2\transforms\ce5d1b7ffdaa9aa6dd372e43e39d322d\transformed\animation-release\jars\classes.jar;C:\Users\HP\.gradle\caches\8.10.2\transforms\ce5d1b7ffdaa9aa6dd372e43e39d322d\transformed\animation-release\res;C:\Users\HP\.gradle\caches\8.10.2\transforms\ce5d1b7ffdaa9aa6dd372e43e39d322d\transformed\animation-release\AndroidManifest.xml;C:\Users\HP\.gradle\caches\8.10.2\transforms\c7fb54e4de6b3604ec1c07272b5db87d\transformed\animation-core-release\jars\classes.jar;C:\Users\HP\.gradle\caches\8.10.2\transforms\c7fb54e4de6b3604ec1c07272b5db87d\transformed\animation-core-release\res;C:\Users\HP\.gradle\caches\8.10.2\transforms\c7fb54e4de6b3604ec1c07272b5db87d\transformed\animation-core-release\AndroidManifest.xml;C:\Users\HP\.gradle\caches\8.10.2\transforms\6457296cba69dcc9a8eb16a985ea78c0\transformed\foundation-layout-release\jars\classes.jar;C:\Users\HP\.gradle\caches\8.10.2\transforms\6457296cba69dcc9a8eb16a985ea78c0\transformed\foundation-layout-release\res;C:\Users\HP\.gradle\caches\8.10.2\transforms\6457296cba69dcc9a8eb16a985ea78c0\transformed\foundation-layout-release\AndroidManifest.xml;C:\Users\HP\.gradle\caches\8.10.2\transforms\de4a942d7b5c3b3dfa8c5495057f7752\transformed\material-icons-core-release\res;C:\Users\HP\.gradle\caches\8.10.2\transforms\de4a942d7b5c3b3dfa8c5495057f7752\transformed\material-icons-core-release\AndroidManifest.xml;C:\Users\HP\.gradle\caches\8.10.2\transforms\de4a942d7b5c3b3dfa8c5495057f7752\transformed\material-icons-core-release\jars\classes.jar;C:\Users\HP\.gradle\caches\8.10.2\transforms\8d718d2fddb3c2beca6ce9a83f4c087f\transformed\material-ripple-release\res;C:\Users\HP\.gradle\caches\8.10.2\transforms\8d718d2fddb3c2beca6ce9a83f4c087f\transformed\material-ripple-release\jars\classes.jar;C:\Users\HP\.gradle\caches\8.10.2\transforms\8d718d2fddb3c2beca6ce9a83f4c087f\transformed\material-ripple-release\AndroidManifest.xml;C:\Users\HP\.gradle\caches\8.10.2\transforms\b84673587402bfb69d4f6cd0a9beadad\transformed\firebase-auth-23.0.0\jars\classes.jar;C:\Users\HP\.gradle\caches\8.10.2\transforms\b84673587402bfb69d4f6cd0a9beadad\transformed\firebase-auth-23.0.0\AndroidManifest.xml;C:\Users\HP\.gradle\caches\8.10.2\transforms\899a9cef3a88792735c0125f51351ab1\transformed\browser-1.4.0\res;C:\Users\HP\.gradle\caches\8.10.2\transforms\899a9cef3a88792735c0125f51351ab1\transformed\browser-1.4.0\AndroidManifest.xml;C:\Users\HP\.gradle\caches\8.10.2\transforms\899a9cef3a88792735c0125f51351ab1\transformed\browser-1.4.0\jars\classes.jar;C:\Users\HP\.gradle\caches\8.10.2\transforms\1129c67af597e5ded6b6dc720def87e9\transformed\credentials-1.2.0-rc01\AndroidManifest.xml;C:\Users\HP\.gradle\caches\8.10.2\transforms\1129c67af597e5ded6b6dc720def87e9\transformed\credentials-1.2.0-rc01\jars\classes.jar;C:\Users\HP\.gradle\caches\8.10.2\transforms\1129c67af597e5ded6b6dc720def87e9\transformed\credentials-1.2.0-rc01\res;C:\Users\HP\.gradle\caches\8.10.2\transforms\f03388509bdccf115dade2ee4954cfdc\transformed\credentials-play-services-auth-1.2.0-rc01\AndroidManifest.xml;C:\Users\HP\.gradle\caches\8.10.2\transforms\f03388509bdccf115dade2ee4954cfdc\transformed\credentials-play-services-auth-1.2.0-rc01\res;C:\Users\HP\.gradle\caches\8.10.2\transforms\f03388509bdccf115dade2ee4954cfdc\transformed\credentials-play-services-auth-1.2.0-rc01\jars\classes.jar;C:\Users\HP\.gradle\caches\8.10.2\transforms\82ccbb9b8ef458d545f940c7162275f4\transformed\fragment-1.5.4\AndroidManifest.xml;C:\Users\HP\.gradle\caches\8.10.2\transforms\82ccbb9b8ef458d545f940c7162275f4\transformed\fragment-1.5.4\jars\classes.jar;C:\Users\HP\.gradle\caches\8.10.2\transforms\82ccbb9b8ef458d545f940c7162275f4\transformed\fragment-1.5.4\res;C:\Users\HP\.gradle\caches\8.10.2\transforms\db03e50028324c08d7fbd39a681d186f\transformed\loader-1.0.0\AndroidManifest.xml;C:\Users\HP\.gradle\caches\8.10.2\transforms\db03e50028324c08d7fbd39a681d186f\transformed\loader-1.0.0\jars\classes.jar;C:\Users\HP\.gradle\caches\8.10.2\transforms\309f086a890917fe36498369f3819a8a\transformed\lifecycle-livedata-2.8.4\AndroidManifest.xml;C:\Users\HP\.gradle\caches\8.10.2\transforms\309f086a890917fe36498369f3819a8a\transformed\lifecycle-livedata-2.8.4\jars\classes.jar;C:\Users\HP\.gradle\caches\8.10.2\transforms\309f086a890917fe36498369f3819a8a\transformed\lifecycle-livedata-2.8.4\res;C:\Users\HP\.gradle\caches\8.10.2\transforms\8a932e3e63fc97be079722f7124c3581\transformed\core-runtime-2.2.0\jars\classes.jar;C:\Users\HP\.gradle\caches\8.10.2\transforms\8a932e3e63fc97be079722f7124c3581\transformed\core-runtime-2.2.0\res;C:\Users\HP\.gradle\caches\8.10.2\transforms\8a932e3e63fc97be079722f7124c3581\transformed\core-runtime-2.2.0\AndroidManifest.xml;C:\Users\HP\.gradle\caches\8.10.2\transforms\11b1b82e18279014153cfec97bb50fbd\transformed\lifecycle-livedata-core-ktx-2.8.4\AndroidManifest.xml;C:\Users\HP\.gradle\caches\8.10.2\transforms\11b1b82e18279014153cfec97bb50fbd\transformed\lifecycle-livedata-core-ktx-2.8.4\res;C:\Users\HP\.gradle\caches\8.10.2\transforms\11b1b82e18279014153cfec97bb50fbd\transformed\lifecycle-livedata-core-ktx-2.8.4\jars\classes.jar;C:\Users\HP\.gradle\caches\8.10.2\transforms\530c8dcb1b5d55ec8a9b23d41333f4f6\transformed\viewpager-1.0.0\AndroidManifest.xml;C:\Users\HP\.gradle\caches\8.10.2\transforms\530c8dcb1b5d55ec8a9b23d41333f4f6\transformed\viewpager-1.0.0\jars\classes.jar;C:\Users\HP\.gradle\caches\8.10.2\transforms\96839360d09fc848e705f124774c0ab4\transformed\customview-1.1.0\AndroidManifest.xml;C:\Users\HP\.gradle\caches\8.10.2\transforms\96839360d09fc848e705f124774c0ab4\transformed\customview-1.1.0\jars\classes.jar;C:\Users\HP\.gradle\caches\8.10.2\transforms\fc4fbaa0a2a9cfef5642f01506f2c8a3\transformed\localbroadcastmanager-1.0.0\AndroidManifest.xml;C:\Users\HP\.gradle\caches\8.10.2\transforms\fc4fbaa0a2a9cfef5642f01506f2c8a3\transformed\localbroadcastmanager-1.0.0\jars\classes.jar;C:\Users\HP\.gradle\caches\8.10.2\transforms\688b4ad59ee6b7c8ad6f60f7b94b3268\transformed\play-services-auth-api-phone-18.0.2\AndroidManifest.xml;C:\Users\HP\.gradle\caches\8.10.2\transforms\688b4ad59ee6b7c8ad6f60f7b94b3268\transformed\play-services-auth-api-phone-18.0.2\jars\classes.jar;C:\Users\HP\.gradle\caches\8.10.2\transforms\d12e81d97fd9a260c5436aa9894ca606\transformed\play-services-base-18.5.0\AndroidManifest.xml;C:\Users\HP\.gradle\caches\8.10.2\transforms\d12e81d97fd9a260c5436aa9894ca606\transformed\play-services-base-18.5.0\jars\classes.jar;C:\Users\HP\.gradle\caches\8.10.2\transforms\d12e81d97fd9a260c5436aa9894ca606\transformed\play-services-base-18.5.0\res;C:\Users\HP\.gradle\caches\8.10.2\transforms\e1b45fb56c72632899ac66ead7024634\transformed\play-services-basement-18.4.0\res;C:\Users\HP\.gradle\caches\8.10.2\transforms\e1b45fb56c72632899ac66ead7024634\transformed\play-services-basement-18.4.0\AndroidManifest.xml;C:\Users\HP\.gradle\caches\8.10.2\transforms\e1b45fb56c72632899ac66ead7024634\transformed\play-services-basement-18.4.0\jars\classes.jar;C:\Users\HP\.gradle\caches\8.10.2\transforms\e4a6c249640f29efaff2d8d9e6820b0c\transformed\play-services-tasks-18.2.0\AndroidManifest.xml;C:\Users\HP\.gradle\caches\8.10.2\transforms\e4a6c249640f29efaff2d8d9e6820b0c\transformed\play-services-tasks-18.2.0\jars\classes.jar;C:\Users\HP\.gradle\caches\8.10.2\transforms\f013b33d62445890df468493c901a815\transformed\integrity-1.2.0\jars\classes.jar;C:\Users\HP\.gradle\caches\8.10.2\transforms\f013b33d62445890df468493c901a815\transformed\integrity-1.2.0\AndroidManifest.xml;C:\Users\HP\.gradle\caches\8.10.2\transforms\f4bbc4be116092bc9dd86ad9c5dec22c\transformed\recaptcha-18.4.0\AndroidManifest.xml;C:\Users\HP\.gradle\caches\8.10.2\transforms\f4bbc4be116092bc9dd86ad9c5dec22c\transformed\recaptcha-18.4.0\jars\classes.jar;C:\Users\HP\.gradle\caches\8.10.2\transforms\776465a2e9f907cae4ad3cbd4870b260\transformed\firebase-appcheck-interop-17.1.0\AndroidManifest.xml;C:\Users\HP\.gradle\caches\8.10.2\transforms\776465a2e9f907cae4ad3cbd4870b260\transformed\firebase-appcheck-interop-17.1.0\jars\classes.jar;C:\Users\HP\.gradle\caches\8.10.2\transforms\750be50ffe4553feb086a01f91fce493\transformed\firebase-auth-interop-20.0.0\AndroidManifest.xml;C:\Users\HP\.gradle\caches\8.10.2\transforms\750be50ffe4553feb086a01f91fce493\transformed\firebase-auth-interop-20.0.0\jars\classes.jar;C:\Users\HP\.gradle\caches\8.10.2\transforms\db6e2f1f3684de9b326bba223f280af9\transformed\firebase-common-21.0.0\AndroidManifest.xml;C:\Users\HP\.gradle\caches\8.10.2\transforms\db6e2f1f3684de9b326bba223f280af9\transformed\firebase-common-21.0.0\res;C:\Users\HP\.gradle\caches\8.10.2\transforms\db6e2f1f3684de9b326bba223f280af9\transformed\firebase-common-21.0.0\jars\classes.jar;C:\Users\HP\.gradle\caches\8.10.2\transforms\7796c9b9a6e37da9d6e8eb50bb5f743f\transformed\firebase-components-18.0.0\jars\classes.jar;C:\Users\HP\.gradle\caches\8.10.2\transforms\7796c9b9a6e37da9d6e8eb50bb5f743f\transformed\firebase-components-18.0.0\AndroidManifest.xml;C:\Users\HP\.gradle\caches\8.10.2\transforms\d925040e43cdc56bce6b373bb4a8bce3\transformed\firebase-common-ktx-21.0.0\AndroidManifest.xml;C:\Users\HP\.gradle\caches\8.10.2\transforms\d925040e43cdc56bce6b373bb4a8bce3\transformed\firebase-common-ktx-21.0.0\jars\classes.jar;C:\Users\HP\.gradle\caches\8.10.2\transforms\e64206af5d660632f7f2190a3523fb1f\transformed\appcompat-1.7.0\jars\classes.jar;C:\Users\HP\.gradle\caches\8.10.2\transforms\e64206af5d660632f7f2190a3523fb1f\transformed\appcompat-1.7.0\AndroidManifest.xml;C:\Users\HP\.gradle\caches\8.10.2\transforms\e64206af5d660632f7f2190a3523fb1f\transformed\appcompat-1.7.0\res;C:\Users\HP\.gradle\caches\8.10.2\transforms\3a8085651f8a0c633d50fb330449c944\transformed\appcompat-resources-1.7.0\AndroidManifest.xml;C:\Users\HP\.gradle\caches\8.10.2\transforms\3a8085651f8a0c633d50fb330449c944\transformed\appcompat-resources-1.7.0\jars\classes.jar;C:\Users\HP\.gradle\caches\8.10.2\transforms\3a8085651f8a0c633d50fb330449c944\transformed\appcompat-resources-1.7.0\res;C:\Users\HP\.gradle\caches\8.10.2\transforms\fe1bd0a3c0ea992ea3031982a0e2fd8c\transformed\vectordrawable-1.1.0\jars\classes.jar;C:\Users\HP\.gradle\caches\8.10.2\transforms\fe1bd0a3c0ea992ea3031982a0e2fd8c\transformed\vectordrawable-1.1.0\AndroidManifest.xml;C:\Users\HP\.gradle\caches\8.10.2\transforms\4b5615f550852f32cc0a9a05374aa350\transformed\vectordrawable-animated-1.1.0\AndroidManifest.xml;C:\Users\HP\.gradle\caches\8.10.2\transforms\4b5615f550852f32cc0a9a05374aa350\transformed\vectordrawable-animated-1.1.0\jars\classes.jar;C:\Users\HP\.gradle\caches\8.10.2\transforms\d80239e0233f6ae70a8f486994fac233\transformed\interpolator-1.0.0\AndroidManifest.xml;C:\Users\HP\.gradle\caches\8.10.2\transforms\d80239e0233f6ae70a8f486994fac233\transformed\interpolator-1.0.0\jars\classes.jar;C:\Users\HP\.gradle\caches\8.10.2\transforms\89791d52dbaaaa8b07738519c97e4b77\transformed\cursoradapter-1.0.0\jars\classes.jar;C:\Users\HP\.gradle\caches\8.10.2\transforms\89791d52dbaaaa8b07738519c97e4b77\transformed\cursoradapter-1.0.0\AndroidManifest.xml;C:\Users\HP\.gradle\caches\8.10.2\transforms\14513499b3288e10a259a80895654680\transformed\drawerlayout-1.1.1\AndroidManifest.xml;C:\Users\HP\.gradle\caches\8.10.2\transforms\14513499b3288e10a259a80895654680\transformed\drawerlayout-1.1.1\jars\classes.jar;C:\Users\HP\.gradle\caches\8.10.2\transforms\14513499b3288e10a259a80895654680\transformed\drawerlayout-1.1.1\res;C:\Users\HP\.gradle\caches\8.10.2\transforms\7afec3e8005f8f3950f1c1186bace052\transformed\material-1.12.0\AndroidManifest.xml;C:\Users\HP\.gradle\caches\8.10.2\transforms\7afec3e8005f8f3950f1c1186bace052\transformed\material-1.12.0\jars\classes.jar;C:\Users\HP\.gradle\caches\8.10.2\transforms\7afec3e8005f8f3950f1c1186bace052\transformed\material-1.12.0\res;C:\Users\HP\.gradle\caches\8.10.2\transforms\3abbf121588dd553088d120a3142df9d\transformed\cardview-1.0.0\res;C:\Users\HP\.gradle\caches\8.10.2\transforms\3abbf121588dd553088d120a3142df9d\transformed\cardview-1.0.0\jars\classes.jar;C:\Users\HP\.gradle\caches\8.10.2\transforms\3abbf121588dd553088d120a3142df9d\transformed\cardview-1.0.0\AndroidManifest.xml;C:\Users\HP\.gradle\caches\8.10.2\transforms\b2cc82b9391e4de580dabb646f9befb1\transformed\coordinatorlayout-1.1.0\jars\classes.jar;C:\Users\HP\.gradle\caches\8.10.2\transforms\b2cc82b9391e4de580dabb646f9befb1\transformed\coordinatorlayout-1.1.0\res;C:\Users\HP\.gradle\caches\8.10.2\transforms\b2cc82b9391e4de580dabb646f9befb1\transformed\coordinatorlayout-1.1.0\AndroidManifest.xml;C:\Users\HP\.gradle\caches\8.10.2\transforms\806d2f9a0deabfffb439e827a53d3677\transformed\constraintlayout-2.1.4\AndroidManifest.xml;C:\Users\HP\.gradle\caches\8.10.2\transforms\806d2f9a0deabfffb439e827a53d3677\transformed\constraintlayout-2.1.4\jars\classes.jar;C:\Users\HP\.gradle\caches\8.10.2\transforms\806d2f9a0deabfffb439e827a53d3677\transformed\constraintlayout-2.1.4\res;C:\Users\HP\.gradle\caches\8.10.2\transforms\a9365f132390881f22fca90cd176c6fb\transformed\dynamicanimation-1.0.0\jars\classes.jar;C:\Users\HP\.gradle\caches\8.10.2\transforms\a9365f132390881f22fca90cd176c6fb\transformed\dynamicanimation-1.0.0\AndroidManifest.xml;C:\Users\HP\.gradle\caches\8.10.2\transforms\12fb67f32a70be8c8c3c64c59cf339b7\transformed\legacy-support-core-utils-1.0.0\AndroidManifest.xml;C:\Users\HP\.gradle\caches\8.10.2\transforms\12fb67f32a70be8c8c3c64c59cf339b7\transformed\legacy-support-core-utils-1.0.0\jars\classes.jar;C:\Users\HP\.gradle\caches\8.10.2\transforms\1859ca31add938184efd713644b6839c\transformed\documentfile-1.0.0\jars\classes.jar;C:\Users\HP\.gradle\caches\8.10.2\transforms\1859ca31add938184efd713644b6839c\transformed\documentfile-1.0.0\AndroidManifest.xml;C:\Users\HP\.gradle\caches\8.10.2\transforms\c52496eaca1fed45d58d51cef11ae9a3\transformed\print-1.0.0\jars\classes.jar;C:\Users\HP\.gradle\caches\8.10.2\transforms\c52496eaca1fed45d58d51cef11ae9a3\transformed\print-1.0.0\AndroidManifest.xml;C:\Users\HP\.gradle\caches\8.10.2\transforms\68088bc21fa66ba95d4c7da6626234a8\transformed\recyclerview-1.1.0\jars\classes.jar;C:\Users\HP\.gradle\caches\8.10.2\transforms\68088bc21fa66ba95d4c7da6626234a8\transformed\recyclerview-1.1.0\res;C:\Users\HP\.gradle\caches\8.10.2\transforms\68088bc21fa66ba95d4c7da6626234a8\transformed\recyclerview-1.1.0\AndroidManifest.xml;C:\Users\HP\.gradle\caches\8.10.2\transforms\e5cee774b356eba297792780c9e33951\transformed\transition-1.5.0\res;C:\Users\HP\.gradle\caches\8.10.2\transforms\e5cee774b356eba297792780c9e33951\transformed\transition-1.5.0\jars\classes.jar;C:\Users\HP\.gradle\caches\8.10.2\transforms\e5cee774b356eba297792780c9e33951\transformed\transition-1.5.0\AndroidManifest.xml;C:\Users\HP\.gradle\caches\8.10.2\transforms\4697cb32cec4b38b9bf0fcfb0a96a763\transformed\viewpager2-1.0.0\AndroidManifest.xml;C:\Users\HP\.gradle\caches\8.10.2\transforms\4697cb32cec4b38b9bf0fcfb0a96a763\transformed\viewpager2-1.0.0\res;C:\Users\HP\.gradle\caches\8.10.2\transforms\4697cb32cec4b38b9bf0fcfb0a96a763\transformed\viewpager2-1.0.0\jars\classes.jar;C:\Users\HP\.gradle\caches\8.10.2\transforms\f2cf2bf1fe41ba5107ebabbdc0a4cff6\transformed\firebase-database-ktx-21.0.0\jars\classes.jar;C:\Users\HP\.gradle\caches\8.10.2\transforms\f2cf2bf1fe41ba5107ebabbdc0a4cff6\transformed\firebase-database-ktx-21.0.0\AndroidManifest.xml;C:\Users\HP\.gradle\caches\8.10.2\transforms\af61e83c976dabd9a428e0d91da601c0\transformed\firebase-database-21.0.0\AndroidManifest.xml;C:\Users\HP\.gradle\caches\8.10.2\transforms\af61e83c976dabd9a428e0d91da601c0\transformed\firebase-database-21.0.0\jars\classes.jar;C:\Users\HP\.gradle\caches\8.10.2\transforms\6980e0acc751c6d1e01444ff0c508472\transformed\firebase-database-collection-18.0.1\jars\classes.jar;C:\Users\HP\.gradle\caches\8.10.2\transforms\6980e0acc751c6d1e01444ff0c508472\transformed\firebase-database-collection-18.0.1\AndroidManifest.xml;C:\Users\HP\.gradle\caches\8.10.2\transforms\c2bf5199bb9206a7a98e26f37c52b3f6\transformed\play-services-location-21.3.0\jars\classes.jar;C:\Users\HP\.gradle\caches\8.10.2\transforms\c2bf5199bb9206a7a98e26f37c52b3f6\transformed\play-services-location-21.3.0\AndroidManifest.xml;C:\Users\HP\.gradle\caches\8.10.2\transforms\161b7dcd8fbeee411a410d7f14f888c5\transformed\work-runtime-ktx-2.9.1\res;C:\Users\HP\.gradle\caches\8.10.2\transforms\161b7dcd8fbeee411a410d7f14f888c5\transformed\work-runtime-ktx-2.9.1\AndroidManifest.xml;C:\Users\HP\.gradle\caches\8.10.2\transforms\161b7dcd8fbeee411a410d7f14f888c5\transformed\work-runtime-ktx-2.9.1\jars\classes.jar;C:\Users\HP\.gradle\caches\8.10.2\transforms\eada8280ed205abbc4db02bcc8ab6e84\transformed\work-runtime-2.9.1\AndroidManifest.xml;C:\Users\HP\.gradle\caches\8.10.2\transforms\eada8280ed205abbc4db02bcc8ab6e84\transformed\work-runtime-2.9.1\jars\classes.jar;C:\Users\HP\.gradle\caches\8.10.2\transforms\eada8280ed205abbc4db02bcc8ab6e84\transformed\work-runtime-2.9.1\res;C:\Users\HP\.gradle\caches\8.10.2\transforms\de13c473c36177784430d14534ae663f\transformed\startup-runtime-1.1.1\jars\classes.jar;C:\Users\HP\.gradle\caches\8.10.2\transforms\de13c473c36177784430d14534ae663f\transformed\startup-runtime-1.1.1\AndroidManifest.xml;C:\Users\HP\.gradle\caches\8.10.2\transforms\de13c473c36177784430d14534ae663f\transformed\startup-runtime-1.1.1\res;C:\Users\HP\.gradle\caches\modules-2\files-2.1\org.jetbrains.kotlin\kotlin-stdlib-jdk8\1.9.0\e000bd084353d84c9e888f6fb341dc1f5b79d948\kotlin-stdlib-jdk8-1.9.0.jar;C:\Users\HP\.gradle\caches\modules-2\files-2.1\org.jetbrains.kotlin\kotlin-stdlib\1.9.0\8ee15ef0c67dc83d874f412d84378d7f0eb50b63\kotlin-stdlib-1.9.0.jar;C:\Users\HP\.gradle\caches\modules-2\files-2.1\org.jetbrains.kotlin\kotlin-stdlib-common\1.9.0\cd65c21cfd1eec4d44ef09f9f52b6d9f8a720636\kotlin-stdlib-common-1.9.0.jar;C:\Users\HP\.gradle\caches\modules-2\files-2.1\org.jetbrains\annotations\23.0.0\8cc20c07506ec18e0834947b84a864bfc094484e\annotations-23.0.0.jar;C:\Users\HP\.gradle\caches\modules-2\files-2.1\org.jetbrains.kotlin\kotlin-stdlib-jdk7\1.9.0\f320478990d05e0cfaadd74f9619fd6027adbf37\kotlin-stdlib-jdk7-1.9.0.jar;C:\Users\HP\.gradle\caches\modules-2\files-2.1\androidx.annotation\annotation-jvm\1.8.0\b8a16fe526014b7941c1debaccaf9c5153692dbb\annotation-jvm-1.8.0.jar;C:\Users\HP\.gradle\caches\modules-2\files-2.1\org.jetbrains.kotlinx\kotlinx-coroutines-android\1.7.3\38d9cad3a0b03a10453b56577984bdeb48edeed5\kotlinx-coroutines-android-1.7.3.jar;C:\Users\HP\.gradle\caches\modules-2\files-2.1\org.jetbrains.kotlinx\kotlinx-coroutines-core-jvm\1.7.3\2b09627576f0989a436a00a4a54b55fa5026fb86\kotlinx-coroutines-core-jvm-1.7.3.jar;C:\Users\HP\.gradle\caches\modules-2\files-2.1\androidx.arch.core\core-common\2.2.0\5e1b8b81dfd5f52c56a8d53b18ca759c19a301f3\core-common-2.2.0.jar;C:\Users\HP\.gradle\caches\modules-2\files-2.1\androidx.lifecycle\lifecycle-common-jvm\2.8.4\7174a594afb73a9ad9ac9074ce78b94af3cc52a7\lifecycle-common-jvm-2.8.4.jar;C:\Users\HP\.gradle\caches\modules-2\files-2.1\androidx.collection\collection\1.1.0\1f27220b47669781457de0d600849a5de0e89909\collection-1.1.0.jar;C:\Users\HP\.gradle\caches\modules-2\files-2.1\com.google.guava\listenablefuture\1.0\c949a840a6acbc5268d088e47b04177bf90b3cad\listenablefuture-1.0.jar;C:\Users\HP\.gradle\caches\modules-2\files-2.1\org.jetbrains.kotlinx\kotlinx-coroutines-play-services\1.7.3\7087d47913cfb0062c9909dacbfc78fe44c5ecff\kotlinx-coroutines-play-services-1.7.3.jar;C:\Users\HP\.gradle\caches\modules-2\files-2.1\com.google.firebase\firebase-annotations\16.2.0\ba0806703ca285d03fa9c888b5868f101134a501\firebase-annotations-16.2.0.jar;C:\Users\HP\.gradle\caches\modules-2\files-2.1\javax.inject\javax.inject\1\6975da39a7040257bd51d21a231b76c915872d38\javax.inject-1.jar;C:\Users\HP\.gradle\caches\modules-2\files-2.1\androidx.resourceinspection\resourceinspection-annotation\1.0.1\8c21f8ff5d96d5d52c948707f7e4d6ca6773feef\resourceinspection-annotation-1.0.1.jar;C:\Users\HP\.gradle\caches\modules-2\files-2.1\com.squareup.okhttp3\okhttp\4.10.0\cd63657ac15770ed1420647154c9f44645533bef\okhttp-4.10.0.jar;C:\Users\HP\.gradle\caches\modules-2\files-2.1\com.squareup.okio\okio-jvm\3.0.0\ab5a73fa2ccb4a36b0b5c69fe10b16d0255bcf8\okio-jvm-3.0.0.jar;C:\Users\HP\.gradle\caches\modules-2\files-2.1\com.squareup.okhttp3\logging-interceptor\4.10.0\ae7524eec42d4ab0c3a7cb93da010cf9bcc5007c\logging-interceptor-4.10.0.jar;C:\Users\HP\.gradle\caches\modules-2\files-2.1\org.jetbrains.kotlinx\kotlinx-serialization-json-jvm\1.6.0\59761a941bd8691b3ef2447f5b9376868a6b2d7e\kotlinx-serialization-json-jvm-1.6.0.jar;C:\Users\HP\.gradle\caches\modules-2\files-2.1\org.jetbrains.kotlinx\kotlinx-serialization-core-jvm\1.6.0\94b35f721f1029b3b8d46fb277b4e53fb1a0a510\kotlinx-serialization-core-jvm-1.6.0.jar;C:\Users\HP\.gradle\caches\modules-2\files-2.1\com.google.code.gson\gson\2.10.1\b3add478d4382b78ea20b1671390a858002feb6c\gson-2.10.1.jar
Launcher Type: SUN_STANDARD

[Global flags]
     intx CICompilerCount                          = 4                                         {product} {ergonomic}
     uint ConcGCThreads                            = 2                                         {product} {ergonomic}
     uint G1ConcRefinementThreads                  = 8                                         {product} {ergonomic}
   size_t G1HeapRegionSize                         = 1048576                                   {product} {ergonomic}
    uintx GCDrainStackTargetSize                   = 64                                        {product} {ergonomic}
   size_t InitialHeapSize                          = 100663296                                 {product} {ergonomic}
   size_t MarkStackSize                            = 4194304                                   {product} {ergonomic}
   size_t MaxHeapSize                              = 1579155456                                {product} {ergonomic}
   size_t MinHeapDeltaBytes                        = 1048576                                   {product} {ergonomic}
   size_t MinHeapSize                              = 8388608                                   {product} {ergonomic}
    uintx NonNMethodCodeHeapSize                   = 5839372                                {pd product} {ergonomic}
    uintx NonProfiledCodeHeapSize                  = 122909434                              {pd product} {ergonomic}
    uintx ProfiledCodeHeapSize                     = 122909434                              {pd product} {ergonomic}
    uintx ReservedCodeCacheSize                    = 251658240                              {pd product} {ergonomic}
     bool SegmentedCodeCache                       = true                                      {product} {ergonomic}
   size_t SoftMaxHeapSize                          = 1579155456                             {manageable} {ergonomic}
     bool UseCompressedOops                        = true                           {product lp64_product} {ergonomic}
     bool UseG1GC                                  = true                                      {product} {ergonomic}
     bool UseLargePagesIndividualAllocation        = false                                  {pd product} {ergonomic}

Logging:
Log output configuration:
 #0: stdout all=warning uptime,level,tags foldmultilines=false
 #1: stderr all=off uptime,level,tags foldmultilines=false

Environment Variables:
CLASSPATH=D:\Software\mysql-connector-java-5.1.49\mysql-connector-java-5.1.49.jar;.;C:\Program Files\Java\jdk-19\mysql-connector-j-8.3.0.jar;D:\Software\mysql-connector-j-8.3.0;C:\Users\HP\apache-maven-3.8.8\bin;
PATH=C:\Program Files\Common Files\Oracle\Java\javapath;C:\Program Files\Python312\Scripts\;C:\Program Files\Python312\;C:\Program Files (x86)\VMware\VMware Player\bin\;C:\Program Files\Python310\Scripts\;C:\Program Files\Python310\;C:\WINDOWS\system32;C:\WINDOWS;C:\WINDOWS\System32\Wbem;C:\WINDOWS\System32\WindowsPowerShell\v1.0\;C:\WINDOWS\System32\OpenSSH\;C:\Android;C:\Windows\System32;C:\Program Files\dotnet\;C:\Program Files\Java\jdk-19\bin;C:\mingw64\bin;C:\Program Files\MySQL\MySQL Server 8.0\bin;C:\Program Files\Microchip\xc8\v2.41\bin;C:\Users\HP\AppData\Local\Programs\Python\Python310\Scripts;C:\Users\HP\AppData\Roaming\jupyter\runtime;C:\mysql-connector-j-8.2.0.jar;C:\ProgramData\chocolatey\bin;C:\Program Files\Git\cmd;C:\Program Files\nodejs\;C:\Program Files\apache-maven-3.9.9\bin;MAVEN_HOME%\bin;C:\Program Files\MongoDB\Server\8.0\bin;C:\Program Files\apache-maven-3.9.9\bin;C:\Program Files\Common Files\Oracle\Java\javapath;C:\Program Files\Python312\Scripts\;C:\Program Files\Python312\;C:\Program Files (x86)\VMware\VMware Player\bin\;C:\Program Files\Python310\Scripts\;C:\Program Files\Python310\;C:\WINDOWS\system32;C:\WINDOWS;C:\WINDOWS\System32\Wbem;C:\WINDOWS\System32\WindowsPowerShell\v1.0\;C:\WINDOWS\System32\OpenSSH\;C:\Android;C:\Windows\System32;C:\Program Files\dotnet\;C:\Program Files\Java\jdk-19\bin;C:\mingw64\bin;C:\Program Files\MySQL\MySQL Server 8.0\bin;C:\Program Files\Microchip\xc8\v2.41\bin;C:\Users\HP\AppData\Local\Programs\Python\Python310\Scripts;C:\Users\HP\AppData\Roaming\jupyter\runtime;C:\mysql-connector-j-8.2.0.jar;C:\ProgramData\chocolatey\bin;C:\Program Files\Git\cmd;C:\Program Files\nodejs\;C:\Program Files\apache-maven-3.9.9\bin;MAVEN_HOME%\bin;C:\Program Files\MongoDB\Server\8.0\bin;
USERNAME=HP
OS=Windows_NT
PROCESSOR_IDENTIFIER=AMD64 Family 23 Model 24 Stepping 1, AuthenticAMD
TMP=C:\Users\HP\AppData\Local\Temp
TEMP=C:\Users\HP\AppData\Local\Temp




Periodic native trim disabled

JNI global refs:
JNI global refs: 0, weak refs: 0

JNI global refs memory usage: 0, weak refs: 0

Process memory usage:
Resident Set Size: 12872K (0% of 6161856K total physical memory with 374964K free physical memory)

OOME stack traces (most recent first):
Classloader memory used:

---------------  S Y S T E M  ---------------

OS:
 Windows 11 , 64 bit Build 26100 (10.0.26100.2992)
OS uptime: 0 days 3:31 hours
Hyper-V role detected

CPU: total 8 (initial active 8) (8 cores per cpu, 2 threads per core) family 23 model 24 stepping 1 microcode 0x8108109, cx8, cmov, fxsr, ht, mmx, 3dnowpref, sse, sse2, sse3, ssse3, sse4a, sse4.1, sse4.2, popcnt, lzcnt, tsc, tscinvbit, avx, avx2, aes, clmul, bmi1, bmi2, adx, sha, fma, vzeroupper, clflush, clflushopt, hv, rdtscp, f16c
Processor Information for all 8 processors :
  Max Mhz: 2100, Current Mhz: 2100, Mhz Limit: 2100

Memory: 4k page, system-wide physical 6017M (366M free)
TotalPageFile size 15043M (AvailPageFile size 95M)
current process WorkingSet (physical memory assigned to process): 12M, peak: 12M
current process commit charge ("private bytes"): 60M, peak: 156M

vm_info: OpenJDK 64-Bit Server VM (21.0.4+-12508038-b607.1) for windows-amd64 JRE (21.0.4+-12508038-b607.1), built on 2024-10-16T17:23:34Z by "builder" with MS VC++ 16.10 / 16.11 (VS2019)

END.
